\BOOKMARK [1][-]{section.1}{\376\377\174\373\176\337\227\000\154\102\122\006\147\220}{}% 1
\BOOKMARK [2][-]{subsection.1.1}{\376\377\230\171\166\356\166\356\150\007}{section.1}% 2
\BOOKMARK [2][-]{subsection.1.2}{\376\377\122\237\200\375\213\364\146\016}{section.1}% 3
\BOOKMARK [1][-]{section.2}{\376\377\140\073\117\123\213\276\213\241}{}% 4
\BOOKMARK [2][-]{subsection.2.1}{\376\377\133\371\213\335\150\106}{section.2}% 5
\BOOKMARK [2][-]{subsection.2.2}{\376\377\155\210\140\157\131\004\164\006\121\375\145\160}{section.2}% 6
\BOOKMARK [2][-]{subsection.2.3}{\376\377\133\127\173\046\116\062\131\004\164\006\172\013\136\217\116\016\217\320\173\227\172\013\136\217}{section.2}% 7
\BOOKMARK [2][-]{subsection.2.4}{\376\377\226\276\160\271}{section.2}% 8
\BOOKMARK [1][-]{section.3}{\376\377\213\346\176\306\213\276\213\241}{}% 9
\BOOKMARK [2][-]{subsection.3.1}{\376\377\145\164\117\123\150\106\147\266}{section.3}% 10
\BOOKMARK [2][-]{subsection.3.2}{\376\377\000C\000a\000l\000c\000u\000l\000a\000t\000o\000r\000V\000i\000e\000w\174\173}{section.3}% 11
\BOOKMARK [2][-]{subsection.3.3}{\376\377\000F\000r\000a\000c\000t\000i\000o\000n\174\173}{section.3}% 12
\BOOKMARK [2][-]{subsection.3.4}{\376\377\000C\000D\000e\000s\000c\000r\000i\000b\000e\000S\000t\000a\000t\174\173}{section.3}% 13
\BOOKMARK [2][-]{subsection.3.5}{\376\377\000C\000M\000a\000t\000r\000i\000x\000M\000a\000n\000i\000p\174\173}{section.3}% 14
\BOOKMARK [1][-]{section.4}{\376\377\126\360\226\276\123\312\211\343\121\263\145\271\150\110}{}% 15
\BOOKMARK [2][-]{subsection.4.1}{\376\377\150\106\147\266\213\276\213\241}{section.4}% 16
\BOOKMARK [2][-]{subsection.4.2}{\376\377\155\210\140\157\131\004\164\006}{section.4}% 17
\BOOKMARK [2][-]{subsection.4.3}{\376\377\133\127\173\046\116\062\131\004\164\006\116\016\217\320\173\227}{section.4}% 18
\BOOKMARK [2][-]{subsection.4.4}{\376\377\143\317\217\360\140\047\176\337\213\241}{section.4}% 19
\BOOKMARK [2][-]{subsection.4.5}{\376\377\167\351\226\065\217\320\173\227}{section.4}% 20
\BOOKMARK [1][-]{section.5}{\376\377\140\073\176\323}{}% 21
\BOOKMARK [2][-]{subsection.5.1}{\376\377\116\015\215\263}{section.5}% 22
\BOOKMARK [2][-]{subsection.5.2}{\376\377\145\066\203\267}{section.5}% 23
\BOOKMARK [1][-]{section.6}{\376\377\226\104\137\125}{}% 24
